<?xml version="1.0" encoding="UTF-8"?>
<!-- Generated by org.testng.reporters.JUnitReportReporter -->
<testsuite hostname="karthi" failures="0" tests="1" name="sakshingpdemo.Tc_01" time="45.876" errors="0" timestamp="2023-01-18T21:37:57 IST" skipped="0">
  <testcase classname="sakshingpdemo.Tc_01" name="loginn" time="45.876"/>
  <system-out/>
</testsuite> <!-- sakshingpdemo.Tc_01 -->
